0 info it worked if it ends with ok
1 verbose cli [ '/usr/local/bin/node', '/usr/local/bin/npm', 'publish' ]
2 info using npm@3.7.4
3 info using node@v5.6.0
4 verbose publish [ '.' ]
5 silly cache add args [ '.', null ]
6 verbose cache add spec .
7 silly cache add parsed spec Result {
7 silly cache add   raw: '.',
7 silly cache add   scope: null,
7 silly cache add   name: null,
7 silly cache add   rawSpec: '.',
7 silly cache add   spec: '/Users/acareaga/Turing/react/ski-resorts',
7 silly cache add   type: 'directory' }
8 verbose addLocalDirectory /Users/acareaga/.npm/ski-resorts/0.0.0-semantically-released/package.tgz not in flight; packing
9 verbose correctMkdir /Users/acareaga/.npm correctMkdir not in flight; initializing
10 info lifecycle ski-resorts@0.0.0-semantically-released~prepublish: ski-resorts@0.0.0-semantically-released
11 silly lifecycle ski-resorts@0.0.0-semantically-released~prepublish: no script for prepublish, continuing
12 verbose tar pack [ '/Users/acareaga/.npm/ski-resorts/0.0.0-semantically-released/package.tgz',
12 verbose tar pack   '/Users/acareaga/Turing/react/ski-resorts' ]
13 verbose tarball /Users/acareaga/.npm/ski-resorts/0.0.0-semantically-released/package.tgz
14 verbose folder /Users/acareaga/Turing/react/ski-resorts
15 verbose addLocalTarball adding from inside cache /Users/acareaga/.npm/ski-resorts/0.0.0-semantically-released/package.tgz
16 verbose correctMkdir /Users/acareaga/.npm correctMkdir not in flight; initializing
17 silly cache afterAdd ski-resorts@0.0.0-semantically-released
18 verbose afterAdd /Users/acareaga/.npm/ski-resorts/0.0.0-semantically-released/package/package.json not in flight; writing
19 verbose correctMkdir /Users/acareaga/.npm correctMkdir not in flight; initializing
20 verbose afterAdd /Users/acareaga/.npm/ski-resorts/0.0.0-semantically-released/package/package.json written
21 silly publish { name: 'ski-resorts',
21 silly publish   version: '0.0.0-semantically-released',
21 silly publish   description: 'An easy to use library of all ski resorts in the United States',
21 silly publish   main: 'src/index.js',
21 silly publish   scripts:
21 silly publish    { commit: 'git-cz',
21 silly publish      'check-coverage': 'istanbul check-coverage --statements 100 --branches 100 --functions 100 --lines 100',
21 silly publish      'report-coverage': 'cat ./coverage/lcov.info | codecov',
21 silly publish      test: 'mocha src/index.test.js -w',
21 silly publish      'test:single': 'istanbul cover -x *.test.js _mocha -- -R spec src/index.test.js',
21 silly publish      'semantic-release': 'semantic-release pre && npm publish && semantic-release post' },
21 silly publish   repository:
21 silly publish    { type: 'git',
21 silly publish      url: 'git+https://github.com/acareaga/ski-resorts.git' },
21 silly publish   keywords: [ 'random', 'skiing', 'ski', 'resort', 'backcountry', 'weather' ],
21 silly publish   author:
21 silly publish    { name: 'Aaron Careaga',
21 silly publish      email: 'aaroncareaga@gmail.com',
21 silly publish      url: 'http://www.aaroncareaga.com/' },
21 silly publish   license: 'MIT',
21 silly publish   bugs: { url: 'https://github.com/acareaga/ski-resorts/issues' },
21 silly publish   homepage: 'https://github.com/acareaga/ski-resorts#readme',
21 silly publish   dependencies: { 'unique-random-array': '1.0.0' },
21 silly publish   devDependencies:
21 silly publish    { chai: '3.4.1',
21 silly publish      'codecov.io': '0.1.6',
21 silly publish      commitizen: '2.4.6',
21 silly publish      'cz-conventional-changelog': '1.1.5',
21 silly publish      ghooks: '1.0.1',
21 silly publish      istanbul: '0.4.1',
21 silly publish      mocha: '2.3.4',
21 silly publish      'semantic-release': '^4.3.5' },
21 silly publish   czConfig: { path: 'node_modules/cz-conventional-changelog' },
21 silly publish   config: { ghooks: { 'pre-commit': 'npm run test:single && npm run check-coverage' } },
21 silly publish   readme: '# ski-resorts\n[![travis-build](https://img.shields.io/travis/acareaga/ski-resorts.svg?style=flat-square)](https://travis-ci.org/acareaga/ski-resorts)\n[![codecov coverage](https://img.shields.io/codecov/c/github/acareaga/ski-resorts.svg?style=flat-square)](https://codecov.io/github/acareaga/ski-resorts)\n[![version](https://img.shields.io/npm/v/ski-resorts.svg?style=flat-square)](http://npm.im/ski-resorts)\n[![downloads](https://img.shields.io/npm/dm/ski-resorts.svg?style=flat-square)](http://npm-stat.com/charts.html?package=ski-resorts&from=2015-12-22)\n[![MIT License](https://img.shields.io/npm/l/ski-resorts.svg?style=flat-square)](http://opensource.org/licenses/MIT)\n\n## Description\n\nThe `ski-resorts` module provides an easy to use library of all ski resorts in the United States.\n\n## Installation\n\nWith [npm](https://www.npmjs.com/) do:\n\n```\nnpm install ski-resorts\n```\n\n## Usage\n\nGet the entire list:\n\n```\nskiResorts.all\n```\n\nOr, a random number of resorts:\n\n```\nskiResorts.random(3)\n```\n\n## Dependencies\n\nUses with the following versions:\n\n```\n"unique-random-array": "1.0.0",\n"chai": "3.4.1",\n"codecov.io": "0.1.6",\n"commitizen": "2.4.6",\n"cz-conventional-changelog": "1.1.5",\n"ghooks": "1.0.1",\n"istanbul": "0.4.1",\n"mocha": "2.3.4",\n"semantic-release": "^4.3.5"\n```\n\n## Built with `ski-resorts`\n\n* [First Tracks](https://github.com/acareaga/first-tracks) - Weather, avalanche, and backcountry data for the snow community.\n\nIf you\'re integrating the module in a creative way, please submit a pull request so your application can be featured above.\n\n## Contributing\n\nTo submit patches:\n* Fork this repository\n* Implement the desired feature with tests (and documentation if necessary)\n* Submit a pull request\n\n### Future\n\nFeatures that would be nice to include:\n* Integration with Forecast.io\'s weather API\n\nPlease open an issue if you have any other updates that would be nice to have.\n\n\n## License\n\nThe `ski-resorts` module is released under the [MIT license](https://opensource.org/licenses/MIT).\n',
21 silly publish   readmeFilename: 'README.md',
21 silly publish   gitHead: '33bd1f953f9c1f574c58801daa4567e9381e4ec9',
21 silly publish   _id: 'ski-resorts@0.0.0-semantically-released',
21 silly publish   _shasum: '3b86255009e6260573f349b4b462875c3e9874f2',
21 silly publish   _from: '.' }
22 verbose getPublishConfig undefined
23 silly mapToRegistry name ski-resorts
24 silly mapToRegistry using default registry
25 silly mapToRegistry registry https://registry.npmjs.org/
26 silly mapToRegistry uri https://registry.npmjs.org/ski-resorts
27 verbose publish registryBase https://registry.npmjs.org/
28 silly publish uploading /Users/acareaga/.npm/ski-resorts/0.0.0-semantically-released/package.tgz
29 verbose request uri https://registry.npmjs.org/ski-resorts
30 verbose request sending authorization for write operation
31 info attempt registry request try #1 at 10:22:38 AM
32 verbose request using bearer token for auth
33 verbose request id 1e3dbda5fa1c55f4
34 http request PUT https://registry.npmjs.org/ski-resorts
35 http 403 https://registry.npmjs.org/ski-resorts
36 verbose headers { 'content-type': 'application/json',
36 verbose headers   'cache-control': 'max-age=300',
36 verbose headers   'content-length': '117',
36 verbose headers   'accept-ranges': 'bytes',
36 verbose headers   date: 'Sat, 20 Feb 2016 17:22:39 GMT',
36 verbose headers   via: '1.1 varnish',
36 verbose headers   connection: 'keep-alive',
36 verbose headers   'x-served-by': 'cache-ord1735-ORD',
36 verbose headers   'x-cache': 'MISS',
36 verbose headers   'x-cache-hits': '0',
36 verbose headers   'x-timer': 'S1455988958.430363,VS0,VE803' }
37 verbose request invalidating /Users/acareaga/.npm/registry.npmjs.org/ski-resorts on PUT
38 error publish Failed PUT 403
39 verbose stack Error: "You cannot publish over the previously published version 0.0.0-semantically-released." : ski-resorts
39 verbose stack     at makeError (/usr/local/lib/node_modules/npm/node_modules/npm-registry-client/lib/request.js:264:12)
39 verbose stack     at CachingRegistryClient.<anonymous> (/usr/local/lib/node_modules/npm/node_modules/npm-registry-client/lib/request.js:252:14)
39 verbose stack     at Request._callback (/usr/local/lib/node_modules/npm/node_modules/npm-registry-client/lib/request.js:172:14)
39 verbose stack     at Request.self.callback (/usr/local/lib/node_modules/npm/node_modules/request/request.js:199:22)
39 verbose stack     at emitTwo (events.js:100:13)
39 verbose stack     at Request.emit (events.js:185:7)
39 verbose stack     at Request.<anonymous> (/usr/local/lib/node_modules/npm/node_modules/request/request.js:1036:10)
39 verbose stack     at emitOne (events.js:95:20)
39 verbose stack     at Request.emit (events.js:182:7)
39 verbose stack     at IncomingMessage.<anonymous> (/usr/local/lib/node_modules/npm/node_modules/request/request.js:963:12)
40 verbose statusCode 403
41 verbose pkgid ski-resorts
42 verbose cwd /Users/acareaga/Turing/react/ski-resorts
43 error Darwin 15.4.0
44 error argv "/usr/local/bin/node" "/usr/local/bin/npm" "publish"
45 error node v5.6.0
46 error npm  v3.7.4
47 error code E403
48 error "You cannot publish over the previously published version 0.0.0-semantically-released." : ski-resorts
49 error If you need help, you may report this error at:
49 error     <https://github.com/npm/npm/issues>
50 verbose exit [ 1, true ]
